<?xml version="1.0" encoding="UTF-8"?>
<testsuite xmlns:xsi="http://www.w3.org/2001/XMLSchema-instance" xsi:noNamespaceSchemaLocation="https://maven.apache.org/surefire/maven-surefire-plugin/xsd/surefire-test-report-3.0.xsd" version="3.0" name="com.example.EmployeerespositoryTest" time="8.456" tests="1" errors="0" skipped="0" failures="0">
  <properties>
[...]
</properties>
  <testcase name="testSaveAndFetchEmployee" classname="com.example.EmployeerespositoryTest" time="1.449">
    <system-out><![CDATA[17:23:48.157 [main] INFO org.springframework.test.context.support.AnnotationConfigContextLoaderUtils -- Could not detect default configuration classes for test class [com.example.EmployeerespositoryTest]: EmployeerespositoryTest does not declare any static, non-private, non-final, nested classes annotated with @Configuration.
17:23:48.408 [main] INFO org.springframework.boot.test.context.SpringBootTestContextBootstrapper -- Found @SpringBootConfiguration com.example.DemoApplication for test class com.example.EmployeerespositoryTest
  .   ____          _            __ _ _
 /\\ / ___'_ __ _ _(_)_ __  __ _ \ \ \ \
( ( )\___ | '_ | '_| | '_ \/ _` | \ \ \ \
 \\/  ___)| |_)| | | | | || (_| |  ) ) ) )
  '  |____| .__|_| |_|_| |_\__, | / / / /
 =========|_|==============|___/=/_/_/_/

 :: Spring Boot ::                (v3.3.0)

2026-08-19T17:23:49.061+05:30  INFO 10400 --- [           main] com.example.EmployeerespositoryTest      : Starting EmployeerespositoryTest using Java 17.0.19 with PID 10400 (started by gaura in D:\Springboot_practice\demopersistencexml)
2026-08-19T17:23:49.064+05:30  INFO 10400 --- [           main] com.example.EmployeerespositoryTest      : No active profile set, falling back to 1 default profile: "default"
2026-08-19T17:23:49.665+05:30  INFO 10400 --- [           main] .s.d.r.c.RepositoryConfigurationDelegate : Bootstrapping Spring Data JPA repositories in DEFAULT mode.
2026-08-19T17:23:49.764+05:30  INFO 10400 --- [           main] .s.d.r.c.RepositoryConfigurationDelegate : Finished Spring Data repository scanning in 86 ms. Found 5 JPA repository interfaces.
2026-08-19T17:23:49.846+05:30  INFO 10400 --- [           main] beddedDataSourceBeanFactoryPostProcessor : Replacing 'dataSource' DataSource bean with embedded version
2026-08-19T17:23:50.232+05:30  INFO 10400 --- [           main] o.s.j.d.e.EmbeddedDatabaseFactory        : Starting embedded database: url='jdbc:h2:mem:4420a66d-c58d-481b-b7aa-22dd0cbbddb5;DB_CLOSE_DELAY=-1;DB_CLOSE_ON_EXIT=false', username='sa'
2026-08-19T17:23:50.832+05:30  INFO 10400 --- [           main] o.hibernate.jpa.internal.util.LogHelper  : HHH000204: Processing PersistenceUnitInfo [name: default]
2026-08-19T17:23:50.949+05:30  INFO 10400 --- [           main] org.hibernate.Version                    : HHH000412: Hibernate ORM core version 6.5.2.Final
2026-08-19T17:23:51.023+05:30  INFO 10400 --- [           main] o.h.c.internal.RegionFactoryInitiator    : HHH000025: Second-level cache region factory [org.hibernate.cache.jcache.internal.JCacheRegionFactory]
2026-08-19T17:23:51.477+05:30  INFO 10400 --- [           main] o.s.o.j.p.SpringPersistenceUnitInfo      : No LoadTimeWeaver setup: ignoring JPA class transformer
2026-08-19T17:23:52.613+05:30  WARN 10400 --- [           main] org.hibernate.orm.cache                  : HHH90001006: Missing cache[default-update-timestamps-region] was created on-the-fly. The created cache will use a provider-specific default configuration: make sure you defined one. You can disable this warning by setting 'hibernate.javax.cache.missing_cache_strategy' to 'create'.
2026-08-19T17:23:52.729+05:30  INFO 10400 --- [           main] org.ehcache.core.EhcacheManager          : Cache 'default-update-timestamps-region' created in EhcacheManager.
2026-08-19T17:23:52.752+05:30  WARN 10400 --- [           main] org.hibernate.orm.cache                  : HHH90001006: Missing cache[default-query-results-region] was created on-the-fly. The created cache will use a provider-specific default configuration: make sure you defined one. You can disable this warning by setting 'hibernate.javax.cache.missing_cache_strategy' to 'create'.
2026-08-19T17:23:52.757+05:30  INFO 10400 --- [           main] org.ehcache.core.EhcacheManager          : Cache 'default-query-results-region' created in EhcacheManager.
2026-08-19T17:23:52.775+05:30  WARN 10400 --- [           main] org.hibernate.orm.cache                  : HHH90001006: Missing cache[com.example.Entity.Product] was created on-the-fly. The created cache will use a provider-specific default configuration: make sure you defined one. You can disable this warning by setting 'hibernate.javax.cache.missing_cache_strategy' to 'create'.
2026-08-19T17:23:52.778+05:30  INFO 10400 --- [           main] org.ehcache.core.EhcacheManager          : Cache 'com.example.Entity.Product' created in EhcacheManager.
2026-08-19T17:23:53.724+05:30  INFO 10400 --- [           main] o.h.e.t.j.p.i.JtaPlatformInitiator       : HHH000489: No JTA platform available (set 'hibernate.transaction.jta.platform' to enable JTA platform integration)
Hibernate: drop table if exists "bank_account" cascade 
Hibernate: drop table if exists "course" cascade 
Hibernate: drop table if exists "department" cascade 
Hibernate: drop table if exists "employee" cascade 
Hibernate: drop table if exists "product" cascade 
Hibernate: drop table if exists "student" cascade 
Hibernate: drop table if exists "user" cascade 
Hibernate: drop table if exists "user_profile" cascade 
Hibernate: drop table if exists "app_user" cascade 
Hibernate: drop table if exists "employees" cascade 
Hibernate: drop table if exists "orders" cascade 
Hibernate: drop table if exists "student_course_registration" cascade 
Hibernate: drop table if exists "users_orders" cascade 
Hibernate: create table "bank_account" ("balance" float(53) not null, "version" integer, "id" bigint generated by default as identity, "name" varchar(255), primary key ("id"))
Hibernate: create table "course" ("id" bigint generated by default as identity, "title" varchar(255), primary key ("id"))
Hibernate: create table "department" ("id" bigint generated by default as identity, "name" varchar(255), primary key ("id"))
Hibernate: create table "employee" ("department_id" bigint, "id" bigint generated by default as identity, "name" varchar(255), primary key ("id"))
Hibernate: create table "product" ("id" bigint generated by default as identity, "category" varchar(255), "name" varchar(255), primary key ("id"))
Hibernate: create table "student" ("id" bigint generated by default as identity, "name" varchar(255), primary key ("id"))
Hibernate: create table "user" ("id" bigint generated by default as identity, "profile_id" bigint unique, "username" varchar(255), primary key ("id"))
Hibernate: create table "user_profile" ("id" bigint generated by default as identity, "bio" varchar(255), primary key ("id"))
Hibernate: create table "app_user" ("age" integer not null, "id" bigint generated by default as identity, "email" varchar(255), "name" varchar(255), primary key ("id"))
Hibernate: create table "employees" ("join_date" date, "dept_id" bigint not null, "emp_id" bigint not null, "name" varchar(255), "status" enum ('ACTIVE','ON_LEAVE','TERMINATED'), primary key ("dept_id", "emp_id"))
Hibernate: create table "orders" ("price" float(53), "id" bigint generated by default as identity, "user_id" bigint, "item" varchar(255), primary key ("id"))
Hibernate: create table "student_course_registration" ("course_id" bigint not null, "student_id" bigint not null)
Hibernate: create table "users_orders" ("id" bigint generated by default as identity, "name" varchar(255), primary key ("id"))
Hibernate: alter table if exists "employee" add constraint "FKc3ke07c3oncx3kfsr4j6vbug6" foreign key ("department_id") references "department"
Hibernate: alter table if exists "user" add constraint "FKmrf020h70ctl48sba7yqkjq4v" foreign key ("profile_id") references "user_profile"
Hibernate: alter table if exists "orders" add constraint "FKkyjw7o2p4acx7tbaxwj0r84na" foreign key ("user_id") references "users_orders"
Hibernate: alter table if exists "student_course_registration" add constraint "FKhbvmr5pb7xy505to6vp84tdls" foreign key ("course_id") references "course"
Hibernate: alter table if exists "student_course_registration" add constraint "FK3o9035d9d058djpyxuvnsrs1x" foreign key ("student_id") references "student"
2026-08-19T17:23:54.125+05:30  INFO 10400 --- [           main] j.LocalContainerEntityManagerFactoryBean : Initialized JPA EntityManagerFactory for persistence unit 'default'
2026-08-19T17:23:54.591+05:30  INFO 10400 --- [           main] o.s.d.j.r.query.QueryEnhancerFactory     : Hibernate is in classpath; If applicable, HQL parser will be used.
2026-08-19T17:23:54.778+05:30  INFO 10400 --- [           main] com.example.EmployeerespositoryTest      : Started EmployeerespositoryTest in 6.218 seconds (process running for 8.642)
Hibernate: insert into "department" ("name","id") values (?,default)
Hibernate: insert into "employee" ("department_id","name","id") values (?,?,default)
 Test Passed! Employee Gaurav was successfully saved to Engineering
]]></system-out>
  </testcase>
</testsuite>